<?xml version="1.0" encoding="UTF-8"?>
<testng-results ignored="2" total="3" passed="1" failed="0" skipped="0">
  <reporter-output>
  </reporter-output>
  <suite started-at="2022-07-21T12:42:00 CDT" name="Default suite" finished-at="2022-07-21T12:42:03 CDT" duration-ms="3002">
    <groups>
    </groups>
    <test started-at="2022-07-21T12:42:00 CDT" name="Default test" finished-at="2022-07-21T12:42:03 CDT" duration-ms="3002">
      <class name="tests.PutPathchAndDeleteExamples">
        <test-method signature="testDelete()[pri:0, instance:tests.PutPathchAndDeleteExamples@433d61fb]" started-at="2022-07-21T12:42:00 CDT" name="testDelete" finished-at="2022-07-21T12:42:03 CDT" duration-ms="2941" status="PASS">
          <reporter-output>
          </reporter-output>
        </test-method> <!-- testDelete -->
      </class> <!-- tests.PutPathchAndDeleteExamples -->
    </test> <!-- Default test -->
  </suite> <!-- Default suite -->
</testng-results>
