<?xml version="1.0" encoding="UTF-8"?>
<!-- Generated by org.testng.reporters.JUnitXMLReporter -->
<testsuite ignored="2" hostname="DESKTOP-R87JL81" failures="0" tests="1" name="Default test" time="3.002" errors="0" timestamp="2022-07-21T12:42:03 CDT">
  <testcase classname="tests.PutPathchAndDeleteExamples" name="testDelete" time="2.941"/>
  <testcase classname="tests.PutPathchAndDeleteExamples" name="testPatch" time="0.0">
    <ignored/>
  </testcase> <!-- testPatch -->
  <testcase classname="tests.PutPathchAndDeleteExamples" name="testPut" time="0.0">
    <ignored/>
  </testcase> <!-- testPut -->
</testsuite> <!-- Default test -->
